#
# There is insufficient memory for the Java Runtime Environment to continue.
# Native memory allocation (mmap) failed to map 232783872 bytes for Failed to commit area from 0x0000000722600000 to 0x0000000730400000 of length 232783872.
# Possible reasons:
#   The system is out of physical RAM or swap space
#   The process is running with CompressedOops enabled, and the Java Heap may be blocking the growth of the native heap
# Possible solutions:
#   Reduce memory load on the system
#   Increase physical memory or swap space
#   Check if swap backing store is full
#   Decrease Java heap size (-Xmx/-Xms)
#   Decrease number of Java threads
#   Decrease Java thread stack sizes (-Xss)
#   Set larger code cache with -XX:ReservedCodeCacheSize=
# This output file may be truncated or incomplete.
#
#  Out of Memory Error (./src/hotspot/os/windows/os_windows.cpp:3387), pid=26568, tid=6204
#
# JRE version:  (11.0.14.1+1) (build )
# Java VM: OpenJDK 64-Bit Server VM (11.0.14.1+1, mixed mode, sharing, tiered, compressed oops, g1 gc, windows-amd64)
# No core dump will be written. Minidumps are not enabled by default on client versions of Windows
#

---------------  S U M M A R Y ------------

Command Line: -Dfile.encoding=UTF-8 

Host: AMD Ryzen 7 5700U with Radeon Graphics         , 16 cores, 13G,  Windows 11 , 64 bit Build 22621 (10.0.22621.3672)
Time: Thu Jun 13 19:49:18 2024 Œrodkowoeuropejski czas letni elapsed time: 0.036266 seconds (0d 0h 0m 0s)

---------------  T H R E A D  ---------------

Current thread (0x000001d82dd21000):  JavaThread "Unknown thread" [_thread_in_vm, id=6204, stack(0x000000bc78f00000,0x000000bc79000000)]

Stack: [0x000000bc78f00000,0x000000bc79000000]
Native frames: (J=compiled Java code, j=interpreted, Vv=VM code, C=native code)
V  [jvm.dll+0x61e59a]
V  [jvm.dll+0x7aaca9]
V  [jvm.dll+0x7ac398]
V  [jvm.dll+0x7aca73]
V  [jvm.dll+0x24f9b8]
V  [jvm.dll+0x61b83a]
V  [jvm.dll+0x6100c5]
V  [jvm.dll+0x30772c]
V  [jvm.dll+0x3075b2]
V  [jvm.dll+0x30c2d6]
V  [jvm.dll+0x35272f]
V  [jvm.dll+0x352160]
V  [jvm.dll+0x2e4728]
V  [jvm.dll+0x2e5886]
V  [jvm.dll+0x784b07]
V  [jvm.dll+0x78628f]
V  [jvm.dll+0x35f479]
V  [jvm.dll+0x767aa0]
V  [jvm.dll+0x3ccf1f]
V  [jvm.dll+0x3cf2b1]
C  [jli.dll+0x5207]
C  [ucrtbase.dll+0x29333]
C  [KERNEL32.DLL+0x1257d]
C  [ntdll.dll+0x5aa48]


---------------  P R O C E S S  ---------------

Threads class SMR info:
_java_thread_list=0x000001d82ba68090, length=0, elements={
}

Java Threads: ( => current thread )

Other Threads:
  0x000001d82dd39800 GCTaskThread "GC Thread#0" [stack: 0x000000bc79000000,0x000000bc79100000] [id=3736]
  0x000001d82dd8e800 ConcurrentGCThread "G1 Main Marker" [stack: 0x000000bc79100000,0x000000bc79200000] [id=4788]
  0x000001d82dd90000 ConcurrentGCThread "G1 Conc#0" [stack: 0x000000bc79200000,0x000000bc79300000] [id=13816]

[error occurred during error reporting (printing all threads), id 0xc0000005, EXCEPTION_ACCESS_VIOLATION (0xc0000005) at pc=0x00007ff8789e3ef7]

VM state:not at safepoint (not fully initialized)

VM Mutex/Monitor currently owned by a thread:  ([mutex/lock_event])
[0x000001d82dd1cef0] Heap_lock - owner thread: 0x000001d82dd21000

Heap address: 0x0000000722600000, size: 3546 MB, Compressed Oops mode: Non-zero based: 0x0000000722600000
Narrow klass base: 0x0000000000000000, Narrow klass shift: 0

GC Heap History (0 events):
No events

Deoptimization events (0 events):
No events

Classes redefined (0 events):
No events

Internal exceptions (0 events):
No events

Events (1 events):
Event: 0.023 Loaded shared library C:\Program Files\Unity\Hub\Editor\2022.3.5f1\Editor\Data\PlaybackEngines\AndroidPlayer\OpenJDK\bin\zip.dll


Dynamic libraries:
0x00007ff767960000 - 0x00007ff76796d000 	C:\Program Files\Unity\Hub\Editor\2022.3.5f1\Editor\Data\PlaybackEngines\AndroidPlayer\OpenJDK\bin\java.exe
0x00007ff8fccb0000 - 0x00007ff8fcec7000 	C:\WINDOWS\SYSTEM32\ntdll.dll
0x00007ff8fb700000 - 0x00007ff8fb7c4000 	C:\WINDOWS\System32\KERNEL32.DLL
0x00007ff8fa160000 - 0x00007ff8fa50c000 	C:\WINDOWS\System32\KERNELBASE.dll
0x00007ff8fa040000 - 0x00007ff8fa151000 	C:\WINDOWS\System32\ucrtbase.dll
0x00007ff8b5a00000 - 0x00007ff8b5a15000 	C:\Program Files\Unity\Hub\Editor\2022.3.5f1\Editor\Data\PlaybackEngines\AndroidPlayer\OpenJDK\bin\VCRUNTIME140.dll
0x00007ff8b52d0000 - 0x00007ff8b52e7000 	C:\Program Files\Unity\Hub\Editor\2022.3.5f1\Editor\Data\PlaybackEngines\AndroidPlayer\OpenJDK\bin\jli.dll
0x00007ff8fc1c0000 - 0x00007ff8fc36e000 	C:\WINDOWS\System32\USER32.dll
0x00007ff8fa010000 - 0x00007ff8fa036000 	C:\WINDOWS\System32\win32u.dll
0x00007ff8fb6d0000 - 0x00007ff8fb6f9000 	C:\WINDOWS\System32\GDI32.dll
0x00007ff8fa8d0000 - 0x00007ff8fa9e9000 	C:\WINDOWS\System32\gdi32full.dll
0x00007ff8fa510000 - 0x00007ff8fa5aa000 	C:\WINDOWS\System32\msvcp_win.dll
0x00007ff8e82c0000 - 0x00007ff8e8553000 	C:\WINDOWS\WinSxS\amd64_microsoft.windows.common-controls_6595b64144ccf1df_6.0.22621.3672_none_2713b9d173822955\COMCTL32.dll
0x00007ff8faa70000 - 0x00007ff8fab17000 	C:\WINDOWS\System32\msvcrt.dll
0x00007ff8fb7e0000 - 0x00007ff8fb811000 	C:\WINDOWS\System32\IMM32.DLL
0x00007ff879ee0000 - 0x00007ff879f7b000 	C:\Program Files\Unity\Hub\Editor\2022.3.5f1\Editor\Data\PlaybackEngines\AndroidPlayer\OpenJDK\bin\msvcp140.dll
0x00007ff8786f0000 - 0x00007ff879271000 	C:\Program Files\Unity\Hub\Editor\2022.3.5f1\Editor\Data\PlaybackEngines\AndroidPlayer\OpenJDK\bin\server\jvm.dll
0x00007ff8fc6e0000 - 0x00007ff8fc792000 	C:\WINDOWS\System32\ADVAPI32.dll
0x00007ff8fb1d0000 - 0x00007ff8fb278000 	C:\WINDOWS\System32\sechost.dll
0x00007ff8f9fe0000 - 0x00007ff8fa008000 	C:\WINDOWS\System32\bcrypt.dll
0x00007ff8fcb50000 - 0x00007ff8fcc65000 	C:\WINDOWS\System32\RPCRT4.dll
0x00007ff8fb6c0000 - 0x00007ff8fb6c8000 	C:\WINDOWS\System32\PSAPI.DLL
0x00007ff8d1420000 - 0x00007ff8d1429000 	C:\WINDOWS\SYSTEM32\WSOCK32.dll
0x00007ff8f1330000 - 0x00007ff8f1364000 	C:\WINDOWS\SYSTEM32\WINMM.dll
0x00007ff8f0a90000 - 0x00007ff8f0a9a000 	C:\WINDOWS\SYSTEM32\VERSION.dll
0x00007ff8fb130000 - 0x00007ff8fb1a1000 	C:\WINDOWS\System32\WS2_32.dll
0x00007ff8f8fe0000 - 0x00007ff8f8ff8000 	C:\WINDOWS\SYSTEM32\kernel.appcore.dll
0x00007ff8db420000 - 0x00007ff8db430000 	C:\Program Files\Unity\Hub\Editor\2022.3.5f1\Editor\Data\PlaybackEngines\AndroidPlayer\OpenJDK\bin\verify.dll
0x00007ff8f77b0000 - 0x00007ff8f79e2000 	C:\WINDOWS\SYSTEM32\DBGHELP.DLL
0x00007ff8fc7a0000 - 0x00007ff8fcb28000 	C:\WINDOWS\System32\combase.dll
0x00007ff8fb880000 - 0x00007ff8fb957000 	C:\WINDOWS\System32\OLEAUT32.dll
0x00007ff8dfa10000 - 0x00007ff8dfa42000 	C:\WINDOWS\SYSTEM32\dbgcore.DLL
0x00007ff8fa620000 - 0x00007ff8fa69b000 	C:\WINDOWS\System32\bcryptPrimitives.dll
0x00007ff89bbb0000 - 0x00007ff89bbd8000 	C:\Program Files\Unity\Hub\Editor\2022.3.5f1\Editor\Data\PlaybackEngines\AndroidPlayer\OpenJDK\bin\java.dll
0x00007ff8db160000 - 0x00007ff8db16a000 	C:\Program Files\Unity\Hub\Editor\2022.3.5f1\Editor\Data\PlaybackEngines\AndroidPlayer\OpenJDK\bin\jimage.dll
0x00007ff8b38d0000 - 0x00007ff8b38e8000 	C:\Program Files\Unity\Hub\Editor\2022.3.5f1\Editor\Data\PlaybackEngines\AndroidPlayer\OpenJDK\bin\zip.dll

dbghelp: loaded successfully - version: 4.0.5 - missing functions: none
symbol engine: initialized successfully - sym options: 0x614 - pdb path: .;C:\Program Files\Unity\Hub\Editor\2022.3.5f1\Editor\Data\PlaybackEngines\AndroidPlayer\OpenJDK\bin;C:\WINDOWS\SYSTEM32;C:\WINDOWS\WinSxS\amd64_microsoft.windows.common-controls_6595b64144ccf1df_6.0.22621.3672_none_2713b9d173822955;C:\Program Files\Unity\Hub\Editor\2022.3.5f1\Editor\Data\PlaybackEngines\AndroidPlayer\OpenJDK\bin\server

VM Arguments:
jvm_args: -Dfile.encoding=UTF-8 
java_command: <unknown>
java_class_path (initial): <not set>
Launcher Type: SUN_STANDARD

[Global flags]
     intx CICompilerCount                          = 12                                        {product} {ergonomic}
     uint ConcGCThreads                            = 3                                         {product} {ergonomic}
     uint G1ConcRefinementThreads                  = 13                                        {product} {ergonomic}
   size_t G1HeapRegionSize                         = 1048576                                   {product} {ergonomic}
    uintx GCDrainStackTargetSize                   = 64                                        {product} {ergonomic}
   size_t InitialHeapSize                          = 232783872                                 {product} {ergonomic}
   size_t MarkStackSize                            = 4194304                                   {product} {ergonomic}
   size_t MaxHeapSize                              = 3718250496                                {product} {ergonomic}
   size_t MinHeapDeltaBytes                        = 1048576                                   {product} {ergonomic}
    uintx NonNMethodCodeHeapSize                   = 7594288                                {pd product} {ergonomic}
    uintx NonProfiledCodeHeapSize                  = 122031976                              {pd product} {ergonomic}
    uintx ProfiledCodeHeapSize                     = 122031976                              {pd product} {ergonomic}
    uintx ReservedCodeCacheSize                    = 251658240                              {pd product} {ergonomic}
     bool SegmentedCodeCache                       = true                                      {product} {ergonomic}
     bool UseCompressedClassPointers               = true                                 {lp64_product} {ergonomic}
     bool UseCompressedOops                        = true                                 {lp64_product} {ergonomic}
     bool UseG1GC                                  = true                                      {product} {ergonomic}
     bool UseLargePagesIndividualAllocation        = false                                  {pd product} {ergonomic}

Logging:
Log output configuration:
 #0: stdout all=warning uptime,level,tags
 #1: stderr all=off uptime,level,tags

Environment Variables:
JAVA_HOME=C:\Program Files\Unity\Hub\Editor\2022.3.5f1\Editor\Data\PlaybackEngines\AndroidPlayer\OpenJDK
JAVA_TOOL_OPTIONS=-Dfile.encoding=UTF-8
PATH=C:\VulkanSDK\1.3.280.0\Bin;C:\Program Files\Common Files\Oracle\Java\javapath;C:\Program Files (x86)\Common Files\Oracle\Java\java8path;C:\Program Files (x86)\Common Files\Oracle\Java\javapath;C:\Windows\system32;C:\Windows;C:\Windows\System32\Wbem;C:\Windows\System32\WindowsPowerShell\v1.0\;C:\Windows\System32\OpenSSH\;C:\MinGW32\mingw64\bin;C:\vcpkg;C:\Program Files\Microsoft Visual Studio\2022\Community\VC\Auxiliary\Build;C:\pkg-config\pkg-config-lite-0.28-1\bin;C:\WINDOWS\system32;C:\WINDOWS;C:\WINDOWS\System32\Wbem;C:\WINDOWS\System32\WindowsPowerShell\v1.0\;C:\WINDOWS\System32\OpenSSH\;C:\Program Files\Git\cmd;C:\Program Files\PuTTY\;C:\Program Files\Wolfram Research\WolframScript\;C:\Program Files\Docker\Docker\resources\bin;C:\Users\dawid\AppData\Roaming\Python\Python312\Scripts;C:\Program Files\dotnet\;C:\Program Files\CMake\bin;C:\Program Files\MySQL\MySQL Shell 8.0\bin\;C:\Program Files\Python312\Scripts\;C:\Program Files\Python312\;C:\Users\dawid\AppData\Local\Microsoft\WindowsApps;;C:\Users\dawid\AppData\Local\Programs\Microsoft VS Code\bin;C:\Users\dawid\.dotnet\tools
USERNAME=dawid
OS=Windows_NT
PROCESSOR_IDENTIFIER=AMD64 Family 23 Model 104 Stepping 1, AuthenticAMD



---------------  S Y S T E M  ---------------

OS: Windows 11 , 64 bit Build 22621 (10.0.22621.3672)
OS uptime: 4 days 4:25 hours
Hyper-V role detected

CPU:total 16 (initial active 16) (16 cores per cpu, 2 threads per core) family 23 model 104 stepping 1 microcode 0x0, cmov, cx8, fxsr, mmx, sse, sse2, sse3, ssse3, sse4.1, sse4.2, popcnt, avx, avx2, aes, clmul, mmxext, 3dnowpref, lzcnt, sse4a, ht, tsc, tscinvbit, tscinv, bmi1, bmi2, adx, sha, fma

Memory: 4k page, system-wide physical 14181M (2561M free)
TotalPageFile size 18277M (AvailPageFile size 167M)
current process WorkingSet (physical memory assigned to process): 11M, peak: 11M
current process commit charge ("private bytes"): 71M, peak: 293M

vm_info: OpenJDK 64-Bit Server VM (11.0.14.1+1) for windows-amd64 JRE (11.0.14.1+1), built on Feb  9 2022 01:48:27 by "" with unknown MS VC++:1916

END.
