#
# There is insufficient memory for the Java Runtime Environment to continue.
# Native memory allocation (malloc) failed to allocate 1050576 bytes for Chunk::new
# Possible reasons:
#   The system is out of physical RAM or swap space
#   The process is running with CompressedOops enabled, and the Java Heap may be blocking the growth of the native heap
# Possible solutions:
#   Reduce memory load on the system
#   Increase physical memory or swap space
#   Check if swap backing store is full
#   Decrease Java heap size (-Xmx/-Xms)
#   Decrease number of Java threads
#   Decrease Java thread stack sizes (-Xss)
#   Set larger code cache with -XX:ReservedCodeCacheSize=
#   JVM is running with Zero Based Compressed Oops mode in which the Java heap is
#     placed in the first 32GB address space. The Java Heap base address is the
#     maximum limit for the native heap growth. Please use -XX:HeapBaseMinAddress
#     to set the Java Heap base and to place the Java Heap above 32GB virtual address.
# This output file may be truncated or incomplete.
#
#  Out of Memory Error (./src/hotspot/share/memory/arena.cpp:197), pid=13564, tid=9664
#
# JRE version: OpenJDK Runtime Environment Temurin-11.0.14.1+1 (11.0.14.1+1) (build 11.0.14.1+1)
# Java VM: OpenJDK 64-Bit Server VM Temurin-11.0.14.1+1 (11.0.14.1+1, mixed mode, tiered, compressed oops, g1 gc, windows-amd64)
# No core dump will be written. Minidumps are not enabled by default on client versions of Windows
#

---------------  S U M M A R Y ------------

Command Line: -Dfile.encoding=UTF-8 -Dcom.android.sdklib.toolsdir=C:\Program Files\Unity\Hub\Editor\2022.3.5f1\Editor\Data\PlaybackEngines\AndroidPlayer\SDK\cmdline-tools\6.0\bin\\.. com.android.sdklib.tool.sdkmanager.SdkManagerCli --list

Host: AMD Ryzen 7 5700U with Radeon Graphics         , 16 cores, 13G,  Windows 11 , 64 bit Build 22621 (10.0.22621.3672)
Time: Thu Jun 13 14:25:47 2024 Œrodkowoeuropejski czas letni elapsed time: 2.658017 seconds (0d 0h 0m 2s)

---------------  T H R E A D  ---------------

Current thread (0x000002312cbf8000):  JavaThread "C2 CompilerThread6" daemon [_thread_in_native, id=9664, stack(0x000000c38c900000,0x000000c38ca00000)]


Current CompileTask:
C2:   2658 2537       4       com.sun.org.apache.xerces.internal.impl.XMLNSDocumentScannerImpl::scanStartElement (1026 bytes)

Stack: [0x000000c38c900000,0x000000c38ca00000]
Native frames: (J=compiled Java code, j=interpreted, Vv=VM code, C=native code)
V  [jvm.dll+0x61e59a]
V  [jvm.dll+0x7aaca9]
V  [jvm.dll+0x7ac398]
V  [jvm.dll+0x7aca73]
V  [jvm.dll+0x24f9b8]
V  [jvm.dll+0xc260c]
V  [jvm.dll+0xc2bcc]
V  [jvm.dll+0x359a07]
V  [jvm.dll+0x19e649]
V  [jvm.dll+0x208d12]
V  [jvm.dll+0x207ded]
V  [jvm.dll+0x18a2c1]
V  [jvm.dll+0x217734]
V  [jvm.dll+0x21597b]
V  [jvm.dll+0x76d7c0]
V  [jvm.dll+0x766724]
V  [jvm.dll+0x61d3f6]
C  [ucrtbase.dll+0x29333]
C  [KERNEL32.DLL+0x1257d]
C  [ntdll.dll+0x5aa48]


---------------  P R O C E S S  ---------------

Threads class SMR info:
_java_thread_list=0x000002312cbffd80, length=19, elements={
0x000002312aeb3800, 0x000002312aeb5800, 0x000002312b7c1000, 0x000002312b7c2000,
0x000002312b7c5800, 0x000002312b7c8800, 0x000002312b7cb000, 0x000002312b7ce800,
0x000002312ae71000, 0x000002312b949800, 0x000002312bad2800, 0x000002312c070800,
0x000002312c05e000, 0x000002312c3f4000, 0x000002312c9f9000, 0x000002312cbf9000,
0x000002312cb62000, 0x000002312cbf8000, 0x000002312d06b800
}

Java Threads: ( => current thread )
  0x000002312aeb3800 JavaThread "Reference Handler" daemon [_thread_blocked, id=15068, stack(0x000000c38b300000,0x000000c38b400000)]
  0x000002312aeb5800 JavaThread "Finalizer" daemon [_thread_blocked, id=11936, stack(0x000000c38b400000,0x000000c38b500000)]
  0x000002312b7c1000 JavaThread "Signal Dispatcher" daemon [_thread_blocked, id=12744, stack(0x000000c38b500000,0x000000c38b600000)]
  0x000002312b7c2000 JavaThread "Attach Listener" daemon [_thread_blocked, id=10088, stack(0x000000c38b600000,0x000000c38b700000)]
  0x000002312b7c5800 JavaThread "Service Thread" daemon [_thread_blocked, id=10172, stack(0x000000c38b700000,0x000000c38b800000)]
  0x000002312b7c8800 JavaThread "C2 CompilerThread0" daemon [_thread_blocked, id=17608, stack(0x000000c38b800000,0x000000c38b900000)]
  0x000002312b7cb000 JavaThread "C1 CompilerThread0" daemon [_thread_blocked, id=7876, stack(0x000000c38b900000,0x000000c38ba00000)]
  0x000002312b7ce800 JavaThread "Sweeper thread" daemon [_thread_blocked, id=17908, stack(0x000000c38ba00000,0x000000c38bb00000)]
  0x000002312ae71000 JavaThread "C1 CompilerThread1" daemon [_thread_blocked, id=22616, stack(0x000000c38bb00000,0x000000c38bc00000)]
  0x000002312b949800 JavaThread "Common-Cleaner" daemon [_thread_blocked, id=26432, stack(0x000000c38bd00000,0x000000c38be00000)]
  0x000002312bad2800 JavaThread "C2 CompilerThread1" daemon [_thread_blocked, id=5384, stack(0x000000c38be00000,0x000000c38bf00000)]
  0x000002312c070800 JavaThread "C1 CompilerThread2" daemon [_thread_blocked, id=12760, stack(0x000000c38bf00000,0x000000c38c000000)]
  0x000002312c05e000 JavaThread "C1 CompilerThread3" daemon [_thread_blocked, id=25224, stack(0x000000c38c000000,0x000000c38c100000)]
  0x000002312c3f4000 JavaThread "C2 CompilerThread2" daemon [_thread_blocked, id=13016, stack(0x000000c38c100000,0x000000c38c200000)]
  0x000002312c9f9000 JavaThread "C2 CompilerThread3" daemon [_thread_blocked, id=14228, stack(0x000000c38c200000,0x000000c38c300000)]
  0x000002312cbf9000 JavaThread "C2 CompilerThread4" daemon [_thread_blocked, id=8744, stack(0x000000c38c700000,0x000000c38c800000)]
  0x000002312cb62000 JavaThread "C2 CompilerThread5" daemon [_thread_blocked, id=7476, stack(0x000000c38c800000,0x000000c38c900000)]
=>0x000002312cbf8000 JavaThread "C2 CompilerThread6" daemon [_thread_in_native, id=9664, stack(0x000000c38c900000,0x000000c38ca00000)]
  0x000002312d06b800 JavaThread "C2 CompilerThread7" daemon [_thread_blocked, id=4376, stack(0x000000c38ca00000,0x000000c38cb00000)]

Other Threads:
  0x000002312aedd800 VMThread "VM Thread" [stack: 0x000000c38b200000,0x000000c38b300000] [id=26548] _threads_hazard_ptr=0x000002312cbffd80
  0x0000023107a6f000 GCTaskThread "GC Thread#0" [stack: 0x000000c38ad00000,0x000000c38ae00000] [id=1584]
  0x000002312ccb9000 GCTaskThread "GC Thread#1" [stack: 0x000000c38c300000,0x000000c38c400000] [id=22216]
  0x000002312cc7b800 GCTaskThread "GC Thread#2" [stack: 0x000000c38c400000,0x000000c38c500000] [id=2124]
  0x000002312cbfa800 GCTaskThread "GC Thread#3" [stack: 0x000000c38c500000,0x000000c38c600000] [id=10932]
  0x000002312cbfb000 GCTaskThread "GC Thread#4" [stack: 0x000000c38c600000,0x000000c38c700000] [id=21744]
  0x0000023107ac1800 ConcurrentGCThread "G1 Main Marker" [stack: 0x000000c38ae00000,0x000000c38af00000] [id=15740]
  0x0000023107ac3800 ConcurrentGCThread "G1 Conc#0" [stack: 0x000000c38af00000,0x000000c38b000000] [id=8504]
  0x000002312ad99800 ConcurrentGCThread "G1 Refine#0" [stack: 0x000000c38b000000,0x000000c38b100000] [id=20848]
  0x000002312ad9a800 ConcurrentGCThread "G1 Young RemSet Sampling" [stack: 0x000000c38b100000,0x000000c38b200000] [id=23688]

Threads with active compile tasks:
C2 CompilerThread0   2682 3019   !   4       java.io.PrintStream::write (83 bytes)
C2 CompilerThread1   2682 2716   !   4       com.sun.xml.bind.v2.runtime.unmarshaller.StructureLoader::startElement (433 bytes)
C2 CompilerThread2   2682 3076       4       java.util.Formatter$FormatSpecifier::appendJustified (91 bytes)
C2 CompilerThread3   2683 2540   !   4       com.sun.org.apache.xerces.internal.parsers.AbstractSAXParser::startElement (318 bytes)
C2 CompilerThread6   2683 2537       4       com.sun.org.apache.xerces.internal.impl.XMLNSDocumentScannerImpl::scanStartElement (1026 bytes)

VM state:at safepoint (normal execution)

VM Mutex/Monitor currently owned by a thread:  ([mutex/lock_event])
[0x0000023107a50b80] Threads_lock - owner thread: 0x000002312aedd800
[0x0000023107a50ee0] Heap_lock - owner thread: 0x000002312cc1c000

Heap address: 0x0000000722600000, size: 3546 MB, Compressed Oops mode: Zero based, Oop shift amount: 3
Narrow klass base: 0x0000000800000000, Narrow klass shift: 0
Compressed class space size: 1073741824 Address: 0x0000000800000000

Heap:
 garbage-first heap   total 227328K, used 11581K [0x0000000722600000, 0x0000000800000000)
  region size 1024K, 12 young (12288K), 6 survivors (6144K)
 Metaspace       used 19367K, capacity 19834K, committed 19968K, reserved 1067008K
  class space    used 1875K, capacity 2021K, committed 2048K, reserved 1048576K
Heap Regions: E=young(eden), S=young(survivor), O=old, HS=humongous(starts), HC=humongous(continues), CS=collection set, F=free, A=archive, TAMS=top-at-mark-start (previous, next)
|   0|0x0000000722600000, 0x0000000722600000, 0x0000000722700000|  0%| F|  |TAMS 0x0000000722600000, 0x0000000722600000| Untracked 
|   1|0x0000000722700000, 0x00000007227b9c00, 0x0000000722800000| 72%| O|  |TAMS 0x0000000722700000, 0x0000000722700000| Untracked 
|   2|0x0000000722800000, 0x0000000722800000, 0x0000000722900000|  0%| F|  |TAMS 0x0000000722800000, 0x0000000722800000| Untracked 
|   3|0x0000000722900000, 0x0000000722900000, 0x0000000722a00000|  0%| F|  |TAMS 0x0000000722900000, 0x0000000722900000| Untracked 
|   4|0x0000000722a00000, 0x0000000722a00000, 0x0000000722b00000|  0%| F|  |TAMS 0x0000000722a00000, 0x0000000722a00000| Untracked 
|   5|0x0000000722b00000, 0x0000000722b00000, 0x0000000722c00000|  0%| F|  |TAMS 0x0000000722b00000, 0x0000000722b00000| Untracked 
|   6|0x0000000722c00000, 0x0000000722c00000, 0x0000000722d00000|  0%| F|  |TAMS 0x0000000722c00000, 0x0000000722c00000| Untracked 
|   7|0x0000000722d00000, 0x0000000722d00000, 0x0000000722e00000|  0%| F|  |TAMS 0x0000000722d00000, 0x0000000722d00000| Untracked 
|   8|0x0000000722e00000, 0x0000000722e00000, 0x0000000722f00000|  0%| F|  |TAMS 0x0000000722e00000, 0x0000000722e00000| Untracked 
|   9|0x0000000722f00000, 0x0000000722f00000, 0x0000000723000000|  0%| F|  |TAMS 0x0000000722f00000, 0x0000000722f00000| Untracked 
|  10|0x0000000723000000, 0x0000000723000000, 0x0000000723100000|  0%| F|  |TAMS 0x0000000723000000, 0x0000000723000000| Untracked 
|  11|0x0000000723100000, 0x0000000723100000, 0x0000000723200000|  0%| F|  |TAMS 0x0000000723100000, 0x0000000723100000| Untracked 
|  12|0x0000000723200000, 0x0000000723200000, 0x0000000723300000|  0%| F|  |TAMS 0x0000000723200000, 0x0000000723200000| Untracked 
|  13|0x0000000723300000, 0x0000000723300000, 0x0000000723400000|  0%| F|  |TAMS 0x0000000723300000, 0x0000000723300000| Untracked 
|  14|0x0000000723400000, 0x0000000723400000, 0x0000000723500000|  0%| F|  |TAMS 0x0000000723400000, 0x0000000723400000| Untracked 
|  15|0x0000000723500000, 0x0000000723500000, 0x0000000723600000|  0%| F|  |TAMS 0x0000000723500000, 0x0000000723500000| Untracked 
|  16|0x0000000723600000, 0x0000000723600000, 0x0000000723700000|  0%| F|  |TAMS 0x0000000723600000, 0x0000000723600000| Untracked 
|  17|0x0000000723700000, 0x0000000723700000, 0x0000000723800000|  0%| F|  |TAMS 0x0000000723700000, 0x0000000723700000| Untracked 
|  18|0x0000000723800000, 0x0000000723800000, 0x0000000723900000|  0%| F|  |TAMS 0x0000000723800000, 0x0000000723800000| Untracked 
|  19|0x0000000723900000, 0x0000000723900000, 0x0000000723a00000|  0%| F|  |TAMS 0x0000000723900000, 0x0000000723900000| Untracked 
|  20|0x0000000723a00000, 0x0000000723a00000, 0x0000000723b00000|  0%| F|  |TAMS 0x0000000723a00000, 0x0000000723a00000| Untracked 
|  21|0x0000000723b00000, 0x0000000723b00000, 0x0000000723c00000|  0%| F|  |TAMS 0x0000000723b00000, 0x0000000723b00000| Untracked 
|  22|0x0000000723c00000, 0x0000000723c00000, 0x0000000723d00000|  0%| F|  |TAMS 0x0000000723c00000, 0x0000000723c00000| Untracked 
|  23|0x0000000723d00000, 0x0000000723d00000, 0x0000000723e00000|  0%| F|  |TAMS 0x0000000723d00000, 0x0000000723d00000| Untracked 
|  24|0x0000000723e00000, 0x0000000723e00000, 0x0000000723f00000|  0%| F|  |TAMS 0x0000000723e00000, 0x0000000723e00000| Untracked 
|  25|0x0000000723f00000, 0x0000000723f00000, 0x0000000724000000|  0%| F|  |TAMS 0x0000000723f00000, 0x0000000723f00000| Untracked 
|  26|0x0000000724000000, 0x0000000724000000, 0x0000000724100000|  0%| F|  |TAMS 0x0000000724000000, 0x0000000724000000| Untracked 
|  27|0x0000000724100000, 0x0000000724100000, 0x0000000724200000|  0%| F|  |TAMS 0x0000000724100000, 0x0000000724100000| Untracked 
|  28|0x0000000724200000, 0x0000000724200000, 0x0000000724300000|  0%| F|  |TAMS 0x0000000724200000, 0x0000000724200000| Untracked 
|  29|0x0000000724300000, 0x0000000724300000, 0x0000000724400000|  0%| F|  |TAMS 0x0000000724300000, 0x0000000724300000| Untracked 
|  30|0x0000000724400000, 0x0000000724400000, 0x0000000724500000|  0%| F|  |TAMS 0x0000000724400000, 0x0000000724400000| Untracked 
|  31|0x0000000724500000, 0x0000000724500000, 0x0000000724600000|  0%| F|  |TAMS 0x0000000724500000, 0x0000000724500000| Untracked 
|  32|0x0000000724600000, 0x0000000724600000, 0x0000000724700000|  0%| F|  |TAMS 0x0000000724600000, 0x0000000724600000| Untracked 
|  33|0x0000000724700000, 0x0000000724700000, 0x0000000724800000|  0%| F|  |TAMS 0x0000000724700000, 0x0000000724700000| Untracked 
|  34|0x0000000724800000, 0x0000000724800000, 0x0000000724900000|  0%| F|  |TAMS 0x0000000724800000, 0x0000000724800000| Untracked 
|  35|0x0000000724900000, 0x0000000724900000, 0x0000000724a00000|  0%| F|  |TAMS 0x0000000724900000, 0x0000000724900000| Untracked 
|  36|0x0000000724a00000, 0x0000000724a00000, 0x0000000724b00000|  0%| F|  |TAMS 0x0000000724a00000, 0x0000000724a00000| Untracked 
|  37|0x0000000724b00000, 0x0000000724b00000, 0x0000000724c00000|  0%| F|  |TAMS 0x0000000724b00000, 0x0000000724b00000| Untracked 
|  38|0x0000000724c00000, 0x0000000724c00000, 0x0000000724d00000|  0%| F|  |TAMS 0x0000000724c00000, 0x0000000724c00000| Untracked 
|  39|0x0000000724d00000, 0x0000000724d00000, 0x0000000724e00000|  0%| F|  |TAMS 0x0000000724d00000, 0x0000000724d00000| Untracked 
|  40|0x0000000724e00000, 0x0000000724e00000, 0x0000000724f00000|  0%| F|  |TAMS 0x0000000724e00000, 0x0000000724e00000| Untracked 
|  41|0x0000000724f00000, 0x0000000724f00000, 0x0000000725000000|  0%| F|  |TAMS 0x0000000724f00000, 0x0000000724f00000| Untracked 
|  42|0x0000000725000000, 0x0000000725000000, 0x0000000725100000|  0%| F|  |TAMS 0x0000000725000000, 0x0000000725000000| Untracked 
|  43|0x0000000725100000, 0x0000000725100000, 0x0000000725200000|  0%| F|  |TAMS 0x0000000725100000, 0x0000000725100000| Untracked 
|  44|0x0000000725200000, 0x0000000725200000, 0x0000000725300000|  0%| F|  |TAMS 0x0000000725200000, 0x0000000725200000| Untracked 
|  45|0x0000000725300000, 0x0000000725300000, 0x0000000725400000|  0%| F|  |TAMS 0x0000000725300000, 0x0000000725300000| Untracked 
|  46|0x0000000725400000, 0x0000000725400000, 0x0000000725500000|  0%| F|  |TAMS 0x0000000725400000, 0x0000000725400000| Untracked 
|  47|0x0000000725500000, 0x0000000725500000, 0x0000000725600000|  0%| F|  |TAMS 0x0000000725500000, 0x0000000725500000| Untracked 
|  48|0x0000000725600000, 0x0000000725600000, 0x0000000725700000|  0%| F|  |TAMS 0x0000000725600000, 0x0000000725600000| Untracked 
|  49|0x0000000725700000, 0x0000000725700000, 0x0000000725800000|  0%| F|  |TAMS 0x0000000725700000, 0x0000000725700000| Untracked 
|  50|0x0000000725800000, 0x0000000725800000, 0x0000000725900000|  0%| F|  |TAMS 0x0000000725800000, 0x0000000725800000| Untracked 
|  51|0x0000000725900000, 0x0000000725900000, 0x0000000725a00000|  0%| F|  |TAMS 0x0000000725900000, 0x0000000725900000| Untracked 
|  52|0x0000000725a00000, 0x0000000725a00000, 0x0000000725b00000|  0%| F|  |TAMS 0x0000000725a00000, 0x0000000725a00000| Untracked 
|  53|0x0000000725b00000, 0x0000000725b00000, 0x0000000725c00000|  0%| F|  |TAMS 0x0000000725b00000, 0x0000000725b00000| Untracked 
|  54|0x0000000725c00000, 0x0000000725c00000, 0x0000000725d00000|  0%| F|  |TAMS 0x0000000725c00000, 0x0000000725c00000| Untracked 
|  55|0x0000000725d00000, 0x0000000725d00000, 0x0000000725e00000|  0%| F|  |TAMS 0x0000000725d00000, 0x0000000725d00000| Untracked 
|  56|0x0000000725e00000, 0x0000000725e00000, 0x0000000725f00000|  0%| F|  |TAMS 0x0000000725e00000, 0x0000000725e00000| Untracked 
|  57|0x0000000725f00000, 0x0000000725f00000, 0x0000000726000000|  0%| F|  |TAMS 0x0000000725f00000, 0x0000000725f00000| Untracked 
|  58|0x0000000726000000, 0x0000000726000000, 0x0000000726100000|  0%| F|  |TAMS 0x0000000726000000, 0x0000000726000000| Untracked 
|  59|0x0000000726100000, 0x0000000726100000, 0x0000000726200000|  0%| F|  |TAMS 0x0000000726100000, 0x0000000726100000| Untracked 
|  60|0x0000000726200000, 0x0000000726200000, 0x0000000726300000|  0%| F|  |TAMS 0x0000000726200000, 0x0000000726200000| Untracked 
|  61|0x0000000726300000, 0x0000000726300000, 0x0000000726400000|  0%| F|  |TAMS 0x0000000726300000, 0x0000000726300000| Untracked 
|  62|0x0000000726400000, 0x0000000726400000, 0x0000000726500000|  0%| F|  |TAMS 0x0000000726400000, 0x0000000726400000| Untracked 
|  63|0x0000000726500000, 0x0000000726500000, 0x0000000726600000|  0%| F|  |TAMS 0x0000000726500000, 0x0000000726500000| Untracked 
|  64|0x0000000726600000, 0x0000000726600000, 0x0000000726700000|  0%| F|  |TAMS 0x0000000726600000, 0x0000000726600000| Untracked 
|  65|0x0000000726700000, 0x0000000726700000, 0x0000000726800000|  0%| F|  |TAMS 0x0000000726700000, 0x0000000726700000| Untracked 
|  66|0x0000000726800000, 0x0000000726800000, 0x0000000726900000|  0%| F|  |TAMS 0x0000000726800000, 0x0000000726800000| Untracked 
|  67|0x0000000726900000, 0x0000000726900000, 0x0000000726a00000|  0%| F|  |TAMS 0x0000000726900000, 0x0000000726900000| Untracked 
|  68|0x0000000726a00000, 0x0000000726a00000, 0x0000000726b00000|  0%| F|  |TAMS 0x0000000726a00000, 0x0000000726a00000| Untracked 
|  69|0x0000000726b00000, 0x0000000726b00000, 0x0000000726c00000|  0%| F|  |TAMS 0x0000000726b00000, 0x0000000726b00000| Untracked 
|  70|0x0000000726c00000, 0x0000000726c00000, 0x0000000726d00000|  0%| F|  |TAMS 0x0000000726c00000, 0x0000000726c00000| Untracked 
|  71|0x0000000726d00000, 0x0000000726d00000, 0x0000000726e00000|  0%| F|  |TAMS 0x0000000726d00000, 0x0000000726d00000| Untracked 
|  72|0x0000000726e00000, 0x0000000726e00000, 0x0000000726f00000|  0%| F|  |TAMS 0x0000000726e00000, 0x0000000726e00000| Untracked 
|  73|0x0000000726f00000, 0x0000000726f00000, 0x0000000727000000|  0%| F|  |TAMS 0x0000000726f00000, 0x0000000726f00000| Untracked 
|  74|0x0000000727000000, 0x0000000727000000, 0x0000000727100000|  0%| F|  |TAMS 0x0000000727000000, 0x0000000727000000| Untracked 
|  75|0x0000000727100000, 0x0000000727100000, 0x0000000727200000|  0%| F|  |TAMS 0x0000000727100000, 0x0000000727100000| Untracked 
|  76|0x0000000727200000, 0x0000000727200000, 0x0000000727300000|  0%| F|  |TAMS 0x0000000727200000, 0x0000000727200000| Untracked 
|  77|0x0000000727300000, 0x0000000727300000, 0x0000000727400000|  0%| F|  |TAMS 0x0000000727300000, 0x0000000727300000| Untracked 
|  78|0x0000000727400000, 0x0000000727400000, 0x0000000727500000|  0%| F|  |TAMS 0x0000000727400000, 0x0000000727400000| Untracked 
|  79|0x0000000727500000, 0x0000000727500000, 0x0000000727600000|  0%| F|  |TAMS 0x0000000727500000, 0x0000000727500000| Untracked 
|  80|0x0000000727600000, 0x0000000727600000, 0x0000000727700000|  0%| F|  |TAMS 0x0000000727600000, 0x0000000727600000| Untracked 
|  81|0x0000000727700000, 0x0000000727700000, 0x0000000727800000|  0%| F|  |TAMS 0x0000000727700000, 0x0000000727700000| Untracked 
|  82|0x0000000727800000, 0x0000000727800000, 0x0000000727900000|  0%| F|  |TAMS 0x0000000727800000, 0x0000000727800000| Untracked 
|  83|0x0000000727900000, 0x0000000727995880, 0x0000000727a00000| 58%| S|CS|TAMS 0x0000000727900000, 0x0000000727900000| Complete 
|  84|0x0000000727a00000, 0x0000000727b00000, 0x0000000727b00000|100%| S|CS|TAMS 0x0000000727a00000, 0x0000000727a00000| Complete 
|  85|0x0000000727b00000, 0x0000000727c00000, 0x0000000727c00000|100%| S|CS|TAMS 0x0000000727b00000, 0x0000000727b00000| Complete 
|  86|0x0000000727c00000, 0x0000000727d00000, 0x0000000727d00000|100%| S|CS|TAMS 0x0000000727c00000, 0x0000000727c00000| Complete 
|  87|0x0000000727d00000, 0x0000000727e00000, 0x0000000727e00000|100%| S|CS|TAMS 0x0000000727d00000, 0x0000000727d00000| Complete 
|  88|0x0000000727e00000, 0x0000000727f00000, 0x0000000727f00000|100%| S|CS|TAMS 0x0000000727e00000, 0x0000000727e00000| Complete 
|  89|0x0000000727f00000, 0x0000000727f00000, 0x0000000728000000|  0%| F|  |TAMS 0x0000000727f00000, 0x0000000727f00000| Untracked 
|  90|0x0000000728000000, 0x0000000728000000, 0x0000000728100000|  0%| F|  |TAMS 0x0000000728000000, 0x0000000728000000| Untracked 
|  91|0x0000000728100000, 0x0000000728100000, 0x0000000728200000|  0%| F|  |TAMS 0x0000000728100000, 0x0000000728100000| Untracked 
|  92|0x0000000728200000, 0x0000000728200000, 0x0000000728300000|  0%| F|  |TAMS 0x0000000728200000, 0x0000000728200000| Untracked 
|  93|0x0000000728300000, 0x0000000728300000, 0x0000000728400000|  0%| F|  |TAMS 0x0000000728300000, 0x0000000728300000| Untracked 
|  94|0x0000000728400000, 0x0000000728400000, 0x0000000728500000|  0%| F|  |TAMS 0x0000000728400000, 0x0000000728400000| Untracked 
|  95|0x0000000728500000, 0x0000000728500000, 0x0000000728600000|  0%| F|  |TAMS 0x0000000728500000, 0x0000000728500000| Untracked 
|  96|0x0000000728600000, 0x0000000728600000, 0x0000000728700000|  0%| F|  |TAMS 0x0000000728600000, 0x0000000728600000| Untracked 
|  97|0x0000000728700000, 0x0000000728700000, 0x0000000728800000|  0%| F|  |TAMS 0x0000000728700000, 0x0000000728700000| Untracked 
|  98|0x0000000728800000, 0x0000000728800000, 0x0000000728900000|  0%| F|  |TAMS 0x0000000728800000, 0x0000000728800000| Untracked 
|  99|0x0000000728900000, 0x0000000728900000, 0x0000000728a00000|  0%| F|  |TAMS 0x0000000728900000, 0x0000000728900000| Untracked 
| 100|0x0000000728a00000, 0x0000000728a00000, 0x0000000728b00000|  0%| F|  |TAMS 0x0000000728a00000, 0x0000000728a00000| Untracked 
| 101|0x0000000728b00000, 0x0000000728b00000, 0x0000000728c00000|  0%| F|  |TAMS 0x0000000728b00000, 0x0000000728b00000| Untracked 
| 102|0x0000000728c00000, 0x0000000728c00000, 0x0000000728d00000|  0%| F|  |TAMS 0x0000000728c00000, 0x0000000728c00000| Untracked 
| 103|0x0000000728d00000, 0x0000000728d00000, 0x0000000728e00000|  0%| F|  |TAMS 0x0000000728d00000, 0x0000000728d00000| Untracked 
| 104|0x0000000728e00000, 0x0000000728e00000, 0x0000000728f00000|  0%| F|  |TAMS 0x0000000728e00000, 0x0000000728e00000| Untracked 
| 105|0x0000000728f00000, 0x0000000728f00000, 0x0000000729000000|  0%| F|  |TAMS 0x0000000728f00000, 0x0000000728f00000| Untracked 
| 106|0x0000000729000000, 0x0000000729000000, 0x0000000729100000|  0%| F|  |TAMS 0x0000000729000000, 0x0000000729000000| Untracked 
| 107|0x0000000729100000, 0x0000000729100000, 0x0000000729200000|  0%| F|  |TAMS 0x0000000729100000, 0x0000000729100000| Untracked 
| 108|0x0000000729200000, 0x0000000729200000, 0x0000000729300000|  0%| F|  |TAMS 0x0000000729200000, 0x0000000729200000| Untracked 
| 109|0x0000000729300000, 0x0000000729300000, 0x0000000729400000|  0%| F|  |TAMS 0x0000000729300000, 0x0000000729300000| Untracked 
| 110|0x0000000729400000, 0x0000000729400000, 0x0000000729500000|  0%| F|  |TAMS 0x0000000729400000, 0x0000000729400000| Untracked 
| 111|0x0000000729500000, 0x0000000729500000, 0x0000000729600000|  0%| F|  |TAMS 0x0000000729500000, 0x0000000729500000| Untracked 
| 112|0x0000000729600000, 0x0000000729600000, 0x0000000729700000|  0%| F|  |TAMS 0x0000000729600000, 0x0000000729600000| Untracked 
| 113|0x0000000729700000, 0x0000000729700000, 0x0000000729800000|  0%| F|  |TAMS 0x0000000729700000, 0x0000000729700000| Untracked 
| 114|0x0000000729800000, 0x0000000729800000, 0x0000000729900000|  0%| F|  |TAMS 0x0000000729800000, 0x0000000729800000| Untracked 
| 115|0x0000000729900000, 0x0000000729900000, 0x0000000729a00000|  0%| F|  |TAMS 0x0000000729900000, 0x0000000729900000| Untracked 
| 116|0x0000000729a00000, 0x0000000729a00000, 0x0000000729b00000|  0%| F|  |TAMS 0x0000000729a00000, 0x0000000729a00000| Untracked 
| 117|0x0000000729b00000, 0x0000000729b00000, 0x0000000729c00000|  0%| F|  |TAMS 0x0000000729b00000, 0x0000000729b00000| Untracked 
| 118|0x0000000729c00000, 0x0000000729c00000, 0x0000000729d00000|  0%| F|  |TAMS 0x0000000729c00000, 0x0000000729c00000| Untracked 
| 119|0x0000000729d00000, 0x0000000729d00000, 0x0000000729e00000|  0%| F|  |TAMS 0x0000000729d00000, 0x0000000729d00000| Untracked 
| 120|0x0000000729e00000, 0x0000000729e00000, 0x0000000729f00000|  0%| F|  |TAMS 0x0000000729e00000, 0x0000000729e00000| Untracked 
| 121|0x0000000729f00000, 0x0000000729f00000, 0x000000072a000000|  0%| F|  |TAMS 0x0000000729f00000, 0x0000000729f00000| Untracked 
| 122|0x000000072a000000, 0x000000072a000000, 0x000000072a100000|  0%| F|  |TAMS 0x000000072a000000, 0x000000072a000000| Untracked 
| 123|0x000000072a100000, 0x000000072a100000, 0x000000072a200000|  0%| F|  |TAMS 0x000000072a100000, 0x000000072a100000| Untracked 
| 124|0x000000072a200000, 0x000000072a200000, 0x000000072a300000|  0%| F|  |TAMS 0x000000072a200000, 0x000000072a200000| Untracked 
| 125|0x000000072a300000, 0x000000072a300000, 0x000000072a400000|  0%| F|  |TAMS 0x000000072a300000, 0x000000072a300000| Untracked 
| 126|0x000000072a400000, 0x000000072a400000, 0x000000072a500000|  0%| F|  |TAMS 0x000000072a400000, 0x000000072a400000| Untracked 
| 127|0x000000072a500000, 0x000000072a500000, 0x000000072a600000|  0%| F|  |TAMS 0x000000072a500000, 0x000000072a500000| Untracked 
| 128|0x000000072a600000, 0x000000072a600000, 0x000000072a700000|  0%| F|  |TAMS 0x000000072a600000, 0x000000072a600000| Untracked 
| 129|0x000000072a700000, 0x000000072a700000, 0x000000072a800000|  0%| F|  |TAMS 0x000000072a700000, 0x000000072a700000| Untracked 
| 130|0x000000072a800000, 0x000000072a800000, 0x000000072a900000|  0%| F|  |TAMS 0x000000072a800000, 0x000000072a800000| Untracked 
| 131|0x000000072a900000, 0x000000072a900000, 0x000000072aa00000|  0%| F|  |TAMS 0x000000072a900000, 0x000000072a900000| Untracked 
| 132|0x000000072aa00000, 0x000000072aa00000, 0x000000072ab00000|  0%| F|  |TAMS 0x000000072aa00000, 0x000000072aa00000| Untracked 
| 133|0x000000072ab00000, 0x000000072ab00000, 0x000000072ac00000|  0%| F|  |TAMS 0x000000072ab00000, 0x000000072ab00000| Untracked 
| 134|0x000000072ac00000, 0x000000072ac00000, 0x000000072ad00000|  0%| F|  |TAMS 0x000000072ac00000, 0x000000072ac00000| Untracked 
| 135|0x000000072ad00000, 0x000000072ad00000, 0x000000072ae00000|  0%| F|  |TAMS 0x000000072ad00000, 0x000000072ad00000| Untracked 
| 136|0x000000072ae00000, 0x000000072ae00000, 0x000000072af00000|  0%| F|  |TAMS 0x000000072ae00000, 0x000000072ae00000| Untracked 
| 137|0x000000072af00000, 0x000000072af00000, 0x000000072b000000|  0%| F|  |TAMS 0x000000072af00000, 0x000000072af00000| Untracked 
| 138|0x000000072b000000, 0x000000072b000000, 0x000000072b100000|  0%| F|  |TAMS 0x000000072b000000, 0x000000072b000000| Untracked 
| 139|0x000000072b100000, 0x000000072b100000, 0x000000072b200000|  0%| F|  |TAMS 0x000000072b100000, 0x000000072b100000| Untracked 
| 140|0x000000072b200000, 0x000000072b200000, 0x000000072b300000|  0%| F|  |TAMS 0x000000072b200000, 0x000000072b200000| Untracked 
| 141|0x000000072b300000, 0x000000072b300000, 0x000000072b400000|  0%| F|  |TAMS 0x000000072b300000, 0x000000072b300000| Untracked 
| 142|0x000000072b400000, 0x000000072b400000, 0x000000072b500000|  0%| F|  |TAMS 0x000000072b400000, 0x000000072b400000| Untracked 
| 143|0x000000072b500000, 0x000000072b500000, 0x000000072b600000|  0%| F|  |TAMS 0x000000072b500000, 0x000000072b500000| Untracked 
| 144|0x000000072b600000, 0x000000072b600000, 0x000000072b700000|  0%| F|  |TAMS 0x000000072b600000, 0x000000072b600000| Untracked 
| 145|0x000000072b700000, 0x000000072b700000, 0x000000072b800000|  0%| F|  |TAMS 0x000000072b700000, 0x000000072b700000| Untracked 
| 146|0x000000072b800000, 0x000000072b800000, 0x000000072b900000|  0%| F|  |TAMS 0x000000072b800000, 0x000000072b800000| Untracked 
| 147|0x000000072b900000, 0x000000072b900000, 0x000000072ba00000|  0%| F|  |TAMS 0x000000072b900000, 0x000000072b900000| Untracked 
| 148|0x000000072ba00000, 0x000000072ba00000, 0x000000072bb00000|  0%| F|  |TAMS 0x000000072ba00000, 0x000000072ba00000| Untracked 
| 149|0x000000072bb00000, 0x000000072bb00000, 0x000000072bc00000|  0%| F|  |TAMS 0x000000072bb00000, 0x000000072bb00000| Untracked 
| 150|0x000000072bc00000, 0x000000072bc00000, 0x000000072bd00000|  0%| F|  |TAMS 0x000000072bc00000, 0x000000072bc00000| Untracked 
| 151|0x000000072bd00000, 0x000000072bd00000, 0x000000072be00000|  0%| F|  |TAMS 0x000000072bd00000, 0x000000072bd00000| Untracked 
| 152|0x000000072be00000, 0x000000072be00000, 0x000000072bf00000|  0%| F|  |TAMS 0x000000072be00000, 0x000000072be00000| Untracked 
| 153|0x000000072bf00000, 0x000000072bf00000, 0x000000072c000000|  0%| F|  |TAMS 0x000000072bf00000, 0x000000072bf00000| Untracked 
| 154|0x000000072c000000, 0x000000072c000000, 0x000000072c100000|  0%| F|  |TAMS 0x000000072c000000, 0x000000072c000000| Untracked 
| 155|0x000000072c100000, 0x000000072c100000, 0x000000072c200000|  0%| F|  |TAMS 0x000000072c100000, 0x000000072c100000| Untracked 
| 156|0x000000072c200000, 0x000000072c200000, 0x000000072c300000|  0%| F|  |TAMS 0x000000072c200000, 0x000000072c200000| Untracked 
| 157|0x000000072c300000, 0x000000072c300000, 0x000000072c400000|  0%| F|  |TAMS 0x000000072c300000, 0x000000072c300000| Untracked 
| 158|0x000000072c400000, 0x000000072c400000, 0x000000072c500000|  0%| F|  |TAMS 0x000000072c400000, 0x000000072c400000| Untracked 
| 159|0x000000072c500000, 0x000000072c500000, 0x000000072c600000|  0%| F|  |TAMS 0x000000072c500000, 0x000000072c500000| Untracked 
| 160|0x000000072c600000, 0x000000072c600000, 0x000000072c700000|  0%| F|  |TAMS 0x000000072c600000, 0x000000072c600000| Untracked 
| 161|0x000000072c700000, 0x000000072c700000, 0x000000072c800000|  0%| F|  |TAMS 0x000000072c700000, 0x000000072c700000| Untracked 
| 162|0x000000072c800000, 0x000000072c800000, 0x000000072c900000|  0%| F|  |TAMS 0x000000072c800000, 0x000000072c800000| Untracked 
| 163|0x000000072c900000, 0x000000072c900000, 0x000000072ca00000|  0%| F|  |TAMS 0x000000072c900000, 0x000000072c900000| Untracked 
| 164|0x000000072ca00000, 0x000000072ca00000, 0x000000072cb00000|  0%| F|  |TAMS 0x000000072ca00000, 0x000000072ca00000| Untracked 
| 165|0x000000072cb00000, 0x000000072cb00000, 0x000000072cc00000|  0%| F|  |TAMS 0x000000072cb00000, 0x000000072cb00000| Untracked 
| 166|0x000000072cc00000, 0x000000072cc00000, 0x000000072cd00000|  0%| F|  |TAMS 0x000000072cc00000, 0x000000072cc00000| Untracked 
| 167|0x000000072cd00000, 0x000000072cd00000, 0x000000072ce00000|  0%| F|  |TAMS 0x000000072cd00000, 0x000000072cd00000| Untracked 
| 168|0x000000072ce00000, 0x000000072ce00000, 0x000000072cf00000|  0%| F|  |TAMS 0x000000072ce00000, 0x000000072ce00000| Untracked 
| 169|0x000000072cf00000, 0x000000072cf00000, 0x000000072d000000|  0%| F|  |TAMS 0x000000072cf00000, 0x000000072cf00000| Untracked 
| 170|0x000000072d000000, 0x000000072d000000, 0x000000072d100000|  0%| F|  |TAMS 0x000000072d000000, 0x000000072d000000| Untracked 
| 171|0x000000072d100000, 0x000000072d100000, 0x000000072d200000|  0%| F|  |TAMS 0x000000072d100000, 0x000000072d100000| Untracked 
| 172|0x000000072d200000, 0x000000072d200000, 0x000000072d300000|  0%| F|  |TAMS 0x000000072d200000, 0x000000072d200000| Untracked 
| 173|0x000000072d300000, 0x000000072d300000, 0x000000072d400000|  0%| F|  |TAMS 0x000000072d300000, 0x000000072d300000| Untracked 
| 174|0x000000072d400000, 0x000000072d400000, 0x000000072d500000|  0%| F|  |TAMS 0x000000072d400000, 0x000000072d400000| Untracked 
| 175|0x000000072d500000, 0x000000072d500000, 0x000000072d600000|  0%| F|  |TAMS 0x000000072d500000, 0x000000072d500000| Untracked 
| 176|0x000000072d600000, 0x000000072d600000, 0x000000072d700000|  0%| F|  |TAMS 0x000000072d600000, 0x000000072d600000| Untracked 
| 177|0x000000072d700000, 0x000000072d700000, 0x000000072d800000|  0%| F|  |TAMS 0x000000072d700000, 0x000000072d700000| Untracked 
| 178|0x000000072d800000, 0x000000072d800000, 0x000000072d900000|  0%| F|  |TAMS 0x000000072d800000, 0x000000072d800000| Untracked 
| 179|0x000000072d900000, 0x000000072d900000, 0x000000072da00000|  0%| F|  |TAMS 0x000000072d900000, 0x000000072d900000| Untracked 
| 180|0x000000072da00000, 0x000000072da00000, 0x000000072db00000|  0%| F|  |TAMS 0x000000072da00000, 0x000000072da00000| Untracked 
| 181|0x000000072db00000, 0x000000072db00000, 0x000000072dc00000|  0%| F|  |TAMS 0x000000072db00000, 0x000000072db00000| Untracked 
| 182|0x000000072dc00000, 0x000000072dc00000, 0x000000072dd00000|  0%| F|  |TAMS 0x000000072dc00000, 0x000000072dc00000| Untracked 
| 183|0x000000072dd00000, 0x000000072dd00000, 0x000000072de00000|  0%| F|  |TAMS 0x000000072dd00000, 0x000000072dd00000| Untracked 
| 184|0x000000072de00000, 0x000000072de00000, 0x000000072df00000|  0%| F|  |TAMS 0x000000072de00000, 0x000000072de00000| Untracked 
| 185|0x000000072df00000, 0x000000072df00000, 0x000000072e000000|  0%| F|  |TAMS 0x000000072df00000, 0x000000072df00000| Untracked 
| 186|0x000000072e000000, 0x000000072e000000, 0x000000072e100000|  0%| F|  |TAMS 0x000000072e000000, 0x000000072e000000| Untracked 
| 187|0x000000072e100000, 0x000000072e100000, 0x000000072e200000|  0%| F|  |TAMS 0x000000072e100000, 0x000000072e100000| Untracked 
| 188|0x000000072e200000, 0x000000072e200000, 0x000000072e300000|  0%| F|  |TAMS 0x000000072e200000, 0x000000072e200000| Untracked 
| 189|0x000000072e300000, 0x000000072e300000, 0x000000072e400000|  0%| F|  |TAMS 0x000000072e300000, 0x000000072e300000| Untracked 
| 190|0x000000072e400000, 0x000000072e400000, 0x000000072e500000|  0%| F|  |TAMS 0x000000072e400000, 0x000000072e400000| Untracked 
| 191|0x000000072e500000, 0x000000072e500000, 0x000000072e600000|  0%| F|  |TAMS 0x000000072e500000, 0x000000072e500000| Untracked 
| 192|0x000000072e600000, 0x000000072e600000, 0x000000072e700000|  0%| F|  |TAMS 0x000000072e600000, 0x000000072e600000| Untracked 
| 193|0x000000072e700000, 0x000000072e700000, 0x000000072e800000|  0%| F|  |TAMS 0x000000072e700000, 0x000000072e700000| Untracked 
| 194|0x000000072e800000, 0x000000072e800000, 0x000000072e900000|  0%| F|  |TAMS 0x000000072e800000, 0x000000072e800000| Untracked 
| 195|0x000000072e900000, 0x000000072e900000, 0x000000072ea00000|  0%| F|  |TAMS 0x000000072e900000, 0x000000072e900000| Untracked 
| 196|0x000000072ea00000, 0x000000072ea00000, 0x000000072eb00000|  0%| F|  |TAMS 0x000000072ea00000, 0x000000072ea00000| Untracked 
| 197|0x000000072eb00000, 0x000000072eb00000, 0x000000072ec00000|  0%| F|  |TAMS 0x000000072eb00000, 0x000000072eb00000| Untracked 
| 198|0x000000072ec00000, 0x000000072ec00000, 0x000000072ed00000|  0%| F|  |TAMS 0x000000072ec00000, 0x000000072ec00000| Untracked 
| 199|0x000000072ed00000, 0x000000072ed00000, 0x000000072ee00000|  0%| F|  |TAMS 0x000000072ed00000, 0x000000072ed00000| Untracked 
| 200|0x000000072ee00000, 0x000000072ee00000, 0x000000072ef00000|  0%| F|  |TAMS 0x000000072ee00000, 0x000000072ee00000| Untracked 
| 201|0x000000072ef00000, 0x000000072ef00000, 0x000000072f000000|  0%| F|  |TAMS 0x000000072ef00000, 0x000000072ef00000| Untracked 
| 202|0x000000072f000000, 0x000000072f000000, 0x000000072f100000|  0%| F|  |TAMS 0x000000072f000000, 0x000000072f000000| Untracked 
| 203|0x000000072f100000, 0x000000072f100000, 0x000000072f200000|  0%| F|  |TAMS 0x000000072f100000, 0x000000072f100000| Untracked 
| 204|0x000000072f200000, 0x000000072f200000, 0x000000072f300000|  0%| F|  |TAMS 0x000000072f200000, 0x000000072f200000| Untracked 
| 205|0x000000072f300000, 0x000000072f300000, 0x000000072f400000|  0%| F|  |TAMS 0x000000072f300000, 0x000000072f300000| Untracked 
| 206|0x000000072f400000, 0x000000072f400000, 0x000000072f500000|  0%| F|  |TAMS 0x000000072f400000, 0x000000072f400000| Untracked 
| 207|0x000000072f500000, 0x000000072f500000, 0x000000072f600000|  0%| F|  |TAMS 0x000000072f500000, 0x000000072f500000| Untracked 
| 208|0x000000072f600000, 0x000000072f600000, 0x000000072f700000|  0%| F|  |TAMS 0x000000072f600000, 0x000000072f600000| Untracked 
| 209|0x000000072f700000, 0x000000072f700000, 0x000000072f800000|  0%| F|  |TAMS 0x000000072f700000, 0x000000072f700000| Untracked 
| 210|0x000000072f800000, 0x000000072f800000, 0x000000072f900000|  0%| F|  |TAMS 0x000000072f800000, 0x000000072f800000| Untracked 
| 211|0x000000072f900000, 0x000000072f900000, 0x000000072fa00000|  0%| F|  |TAMS 0x000000072f900000, 0x000000072f900000| Untracked 
| 212|0x000000072fa00000, 0x000000072fa00000, 0x000000072fb00000|  0%| F|  |TAMS 0x000000072fa00000, 0x000000072fa00000| Untracked 
| 213|0x000000072fb00000, 0x000000072fb00000, 0x000000072fc00000|  0%| F|  |TAMS 0x000000072fb00000, 0x000000072fb00000| Untracked 
| 214|0x000000072fc00000, 0x000000072fc00000, 0x000000072fd00000|  0%| F|  |TAMS 0x000000072fc00000, 0x000000072fc00000| Untracked 
| 215|0x000000072fd00000, 0x000000072fd00000, 0x000000072fe00000|  0%| F|  |TAMS 0x000000072fd00000, 0x000000072fd00000| Untracked 
| 216|0x000000072fe00000, 0x000000072fe80800, 0x000000072ff00000| 50%| E|  |TAMS 0x000000072fe00000, 0x000000072fe00000| Complete 
| 217|0x000000072ff00000, 0x0000000730000000, 0x0000000730000000|100%| E|CS|TAMS 0x000000072ff00000, 0x000000072ff00000| Complete 
| 218|0x0000000730000000, 0x0000000730100000, 0x0000000730100000|100%| E|CS|TAMS 0x0000000730000000, 0x0000000730000000| Complete 
| 219|0x0000000730100000, 0x0000000730200000, 0x0000000730200000|100%| E|CS|TAMS 0x0000000730100000, 0x0000000730100000| Complete 
| 220|0x0000000730200000, 0x0000000730300000, 0x0000000730300000|100%| E|CS|TAMS 0x0000000730200000, 0x0000000730200000| Complete 
| 221|0x0000000730300000, 0x0000000730400000, 0x0000000730400000|100%| E|CS|TAMS 0x0000000730300000, 0x0000000730300000| Complete 

Card table byte_map: [0x00000231200f0000,0x00000231207e0000] _byte_map_base: 0x000002311c7dd000

Marking Bits (Prev, Next): (CMBitMap*) 0x0000023107ab2958, (CMBitMap*) 0x0000023107ab2990
 Prev Bits: [0x0000023120ed0000, 0x0000023124638000)
 Next Bits: [0x0000023124640000, 0x0000023127da8000)

Polling page: 0x0000023107220000

Metaspace:

Usage:
  Non-class:     17.40 MB capacity,    17.08 MB ( 98%) used,   283.08 KB (  2%) free+waste,    38.38 KB ( <1%) overhead. 
      Class:      1.97 MB capacity,     1.83 MB ( 93%) used,   128.45 KB (  6%) free+waste,    16.56 KB ( <1%) overhead. 
       Both:     19.37 MB capacity,    18.91 MB ( 98%) used,   411.53 KB (  2%) free+waste,    54.94 KB ( <1%) overhead. 

Virtual space:
  Non-class space:       18.00 MB reserved,      17.50 MB ( 97%) committed 
      Class space:        1.00 GB reserved,       2.00 MB ( <1%) committed 
             Both:        1.02 GB reserved,      19.50 MB (  2%) committed 

Chunk freelists:
   Non-Class:  43.00 KB
       Class:  0 bytes
        Both:  43.00 KB

MaxMetaspaceSize: 17179869184.00 GB
CompressedClassSpaceSize: 1.00 GB
Initial GC threshold: 20.80 MB
Current GC threshold: 20.80 MB
CDS: off

CodeHeap 'non-profiled nmethods': size=119168Kb used=1331Kb max_used=1331Kb free=117836Kb
 bounds [0x0000023117d20000, 0x0000023117f90000, 0x000002311f180000]
CodeHeap 'profiled nmethods': size=119168Kb used=6562Kb max_used=6562Kb free=112605Kb
 bounds [0x00000231108c0000, 0x0000023110f30000, 0x0000023117d20000]
CodeHeap 'non-nmethods': size=7424Kb used=2868Kb max_used=2941Kb free=4556Kb
 bounds [0x0000023110180000, 0x0000023110470000, 0x00000231108c0000]
 total_blobs=3500 nmethods=3061 adapters=348
 compilation: enabled
              stopped_count=0, restarted_count=0
 full_count=0

Compilation events (20 events):
Event: 2.624 Thread 0x000002312cb62000 nmethod 3087 0x0000023117e6b590 code [0x0000023117e6b760, 0x0000023117e6bdb8]
Event: 2.625 Thread 0x000002312d06b800 nmethod 3089 0x0000023117e6c390 code [0x0000023117e6c520, 0x0000023117e6c638]
Event: 2.627 Thread 0x000002312c05e000 3090       3       com.android.sdklib.tool.sdkmanager.TableFormatter$$Lambda$80/0x00000008001ea040::accept (17 bytes)
Event: 2.627 Thread 0x000002312ae71000 3091       3       com.android.sdklib.tool.sdkmanager.TableFormatter::lambda$print$6 (32 bytes)
Event: 2.627 Thread 0x000002312c070800 3092       3       com.android.sdklib.tool.sdkmanager.TableFormatter$$Lambda$81/0x00000008001ea440::get$Lambda (9 bytes)
Event: 2.627 Thread 0x000002312b7cb000 3093       3       com.android.sdklib.tool.sdkmanager.TableFormatter$$Lambda$81/0x00000008001ea440::<init> (10 bytes)
Event: 2.627 Thread 0x000002312b7cb000 nmethod 3093 0x0000023110f24590 code [0x0000023110f24740, 0x0000023110f248f8]
Event: 2.627 Thread 0x000002312c070800 nmethod 3092 0x0000023110f24990 code [0x0000023110f24b60, 0x0000023110f24db8]
Event: 2.628 Thread 0x000002312c05e000 nmethod 3090 0x0000023110f24e90 code [0x0000023110f250e0, 0x0000023110f259d8]
Event: 2.628 Thread 0x000002312ae71000 nmethod 3091 0x0000023110f25d10 code [0x0000023110f25f60, 0x0000023110f26858]
Event: 2.629 Thread 0x000002312cbf9000 3094       4       java.util.regex.CharPredicates$$Lambda$14/0x0000000800062040::is (5 bytes)
Event: 2.630 Thread 0x000002312cbf9000 nmethod 3094 0x0000023117e6c790 code [0x0000023117e6c920, 0x0000023117e6c9b8]
Event: 2.633 Thread 0x000002312cb62000 3095       4       jdk.internal.org.objectweb.asm.Item::<init> (66 bytes)
Event: 2.634 Thread 0x000002312b7cb000 3096       3       jdk.internal.org.objectweb.asm.MethodWriter::visitLabel (321 bytes)
Event: 2.634 Thread 0x000002312c070800 3097       3       jdk.internal.org.objectweb.asm.MethodWriter::noSuccessor (95 bytes)
Event: 2.635 Thread 0x000002312c070800 nmethod 3097 0x0000023110f26b90 code [0x0000023110f26da0, 0x0000023110f27408]
Event: 2.635 Thread 0x000002312b7cb000 nmethod 3096 0x0000023110f27610 code [0x0000023110f27860, 0x0000023110f28548]
Event: 2.636 Thread 0x000002312c05e000 3098       3       java.lang.invoke.BoundMethodHandle::<init> (32 bytes)
Event: 2.636 Thread 0x000002312c05e000 nmethod 3098 0x0000023110f28810 code [0x0000023110f289c0, 0x0000023110f28b08]
Event: 2.638 Thread 0x000002312cb62000 nmethod 3095 0x0000023117e6ca90 code [0x0000023117e6cc20, 0x0000023117e6cf18]

GC Heap History (4 events):
Event: 0.945 GC heap before
{Heap before GC invocations=0 (full 0):
 garbage-first heap   total 227328K, used 24576K [0x0000000722600000, 0x0000000800000000)
  region size 1024K, 24 young (24576K), 0 survivors (0K)
 Metaspace       used 15164K, capacity 15418K, committed 15616K, reserved 1062912K
  class space    used 1411K, capacity 1477K, committed 1536K, reserved 1048576K
}
Event: 0.951 GC heap after
{Heap after GC invocations=1 (full 0):
 garbage-first heap   total 227328K, used 3815K [0x0000000722600000, 0x0000000800000000)
  region size 1024K, 3 young (3072K), 3 survivors (3072K)
 Metaspace       used 15164K, capacity 15418K, committed 15616K, reserved 1062912K
  class space    used 1411K, capacity 1477K, committed 1536K, reserved 1048576K
}
Event: 2.430 GC heap before
{Heap before GC invocations=1 (full 0):
 garbage-first heap   total 227328K, used 135911K [0x0000000722600000, 0x0000000800000000)
  region size 1024K, 133 young (136192K), 3 survivors (3072K)
 Metaspace       used 19278K, capacity 19691K, committed 19968K, reserved 1067008K
  class space    used 1873K, capacity 2017K, committed 2048K, reserved 1048576K
}
Event: 2.438 GC heap after
{Heap after GC invocations=2 (full 0):
 garbage-first heap   total 227328K, used 6461K [0x0000000722600000, 0x0000000800000000)
  region size 1024K, 6 young (6144K), 6 survivors (6144K)
 Metaspace       used 19278K, capacity 19691K, committed 19968K, reserved 1067008K
  class space    used 1873K, capacity 2017K, committed 2048K, reserved 1048576K
}

Deoptimization events (20 events):
Event: 1.727 Thread 0x0000023107a56000 DEOPT PACKING pc=0x0000023110be8c22 sp=0x000000c38acfddb0
Event: 1.727 Thread 0x0000023107a56000 DEOPT UNPACKING pc=0x00000231101ca95e sp=0x000000c38acfd2d0 mode 0
Event: 1.733 Thread 0x0000023107a56000 DEOPT PACKING pc=0x0000023110be8c22 sp=0x000000c38acfddb0
Event: 1.733 Thread 0x0000023107a56000 DEOPT UNPACKING pc=0x00000231101ca95e sp=0x000000c38acfd2d0 mode 0
Event: 1.775 Thread 0x0000023107a56000 DEOPT PACKING pc=0x0000023110be8c22 sp=0x000000c38acfddb0
Event: 1.775 Thread 0x0000023107a56000 DEOPT UNPACKING pc=0x00000231101ca95e sp=0x000000c38acfd2d0 mode 0
Event: 1.779 Thread 0x0000023107a56000 DEOPT PACKING pc=0x0000023110be8c22 sp=0x000000c38acfddb0
Event: 1.779 Thread 0x0000023107a56000 DEOPT UNPACKING pc=0x00000231101ca95e sp=0x000000c38acfd2d0 mode 0
Event: 1.784 Thread 0x0000023107a56000 DEOPT PACKING pc=0x0000023110be8c22 sp=0x000000c38acfddb0
Event: 1.784 Thread 0x0000023107a56000 DEOPT UNPACKING pc=0x00000231101ca95e sp=0x000000c38acfd2d0 mode 0
Event: 1.888 Thread 0x0000023107a56000 DEOPT PACKING pc=0x0000023110be8c22 sp=0x000000c38acfde80
Event: 1.888 Thread 0x0000023107a56000 DEOPT UNPACKING pc=0x00000231101ca95e sp=0x000000c38acfd3a0 mode 0
Event: 1.894 Thread 0x0000023107a56000 DEOPT PACKING pc=0x0000023110be8c22 sp=0x000000c38acfde80
Event: 1.894 Thread 0x0000023107a56000 DEOPT UNPACKING pc=0x00000231101ca95e sp=0x000000c38acfd3a0 mode 0
Event: 1.953 Thread 0x0000023107a56000 Uncommon trap: trap_request=0xffffff4d fr.pc=0x0000023117df9814 relative=0x0000000000000594
Event: 1.953 Thread 0x0000023107a56000 Uncommon trap: reason=unstable_if action=reinterpret pc=0x0000023117df9814 method=com.sun.org.apache.xerces.internal.impl.XMLEntityScanner.scanLiteral(ILcom/sun/org/apache/xerces/internal/xni/XMLString;Z)I @ 44 c2
Event: 1.953 Thread 0x0000023107a56000 DEOPT PACKING pc=0x0000023117df9814 sp=0x000000c38acfe0c0
Event: 1.953 Thread 0x0000023107a56000 DEOPT UNPACKING pc=0x00000231101ca1af sp=0x000000c38acfe068 mode 2
Event: 2.131 Thread 0x0000023107a56000 DEOPT PACKING pc=0x0000023110d0264c sp=0x000000c38acfdcc0
Event: 2.131 Thread 0x0000023107a56000 DEOPT UNPACKING pc=0x00000231101ca95e sp=0x000000c38acfd2a8 mode 0

Classes redefined (0 events):
No events

Internal exceptions (20 events):
Event: 0.860 Thread 0x0000023107a56000 Exception <a 'sun/nio/fs/WindowsException'{0x000000072ee01160}> (0x000000072ee01160) thrown at [./src/hotspot/share/prims/jni.cpp, line 616]
Event: 0.866 Thread 0x0000023107a56000 Exception <a 'sun/nio/fs/WindowsException'{0x000000072ee3c1b8}> (0x000000072ee3c1b8) thrown at [./src/hotspot/share/prims/jni.cpp, line 616]
Event: 0.867 Thread 0x0000023107a56000 Exception <a 'sun/nio/fs/WindowsException'{0x000000072ee45a60}> (0x000000072ee45a60) thrown at [./src/hotspot/share/prims/jni.cpp, line 616]
Event: 0.867 Thread 0x0000023107a56000 Exception <a 'sun/nio/fs/WindowsException'{0x000000072ee45e20}> (0x000000072ee45e20) thrown at [./src/hotspot/share/prims/jni.cpp, line 616]
Event: 0.869 Thread 0x0000023107a56000 Exception <a 'sun/nio/fs/WindowsException'{0x000000072ee4ac98}> (0x000000072ee4ac98) thrown at [./src/hotspot/share/prims/jni.cpp, line 616]
Event: 0.871 Thread 0x0000023107a56000 Exception <a 'sun/nio/fs/WindowsException'{0x000000072ee525c8}> (0x000000072ee525c8) thrown at [./src/hotspot/share/prims/jni.cpp, line 616]
Event: 0.871 Thread 0x0000023107a56000 Exception <a 'sun/nio/fs/WindowsException'{0x000000072ee52978}> (0x000000072ee52978) thrown at [./src/hotspot/share/prims/jni.cpp, line 616]
Event: 0.871 Thread 0x0000023107a56000 Exception <a 'sun/nio/fs/WindowsException'{0x000000072ee530e0}> (0x000000072ee530e0) thrown at [./src/hotspot/share/prims/jni.cpp, line 616]
Event: 0.871 Thread 0x0000023107a56000 Exception <a 'sun/nio/fs/WindowsException'{0x000000072ee53650}> (0x000000072ee53650) thrown at [./src/hotspot/share/prims/jni.cpp, line 616]
Event: 0.896 Thread 0x0000023107a56000 Exception <a 'java/lang/NoSuchMethodError'{0x000000072eed0108}: 'int java.lang.invoke.DirectMethodHandle$Holder.invokeSpecialIFC(java.lang.Object, java.lang.Object, int)'> (0x000000072eed0108) thrown at [./src/hotspot/share/interpreter/linkResolver.cpp, line 773]
Event: 0.974 Thread 0x0000023107a56000 Exception <a 'java/lang/NullPointerException'{0x0000000730231a28}> (0x0000000730231a28) thrown at [./src/hotspot/share/interpreter/linkResolver.cpp, line 1440]
Event: 1.125 Thread 0x0000023107a56000 Implicit null exception at 0x0000023117d523af to 0x0000023117d52429
Event: 1.138 Thread 0x0000023107a56000 Exception <a 'java/lang/NoSuchMethodError'{0x000000072faa8590}: 'int java.lang.invoke.DirectMethodHandle$Holder.invokeStatic(java.lang.Object, java.lang.Object, int, java.lang.Object)'> (0x000000072faa8590) thrown at [./src/hotspot/share/interpreter/linkResolver.cpp, line 773]
Event: 1.139 Thread 0x0000023107a56000 Exception <a 'java/lang/NoSuchMethodError'{0x000000072faaf100}: 'java.lang.Object java.lang.invoke.Invokers$Holder.linkToTargetMethod(java.lang.Object, int, java.lang.Object)'> (0x000000072faaf100) thrown at [./src/hotspot/share/interpreter/linkResolver.cpp, line 773]
Event: 1.158 Thread 0x0000023107a56000 Exception <a 'sun/nio/fs/WindowsException'{0x000000072f90ef18}> (0x000000072f90ef18) thrown at [./src/hotspot/share/prims/jni.cpp, line 616]
Event: 1.159 Thread 0x0000023107a56000 Exception <a 'java/lang/NoSuchMethodError'{0x000000072f90fc50}: 'int java.lang.invoke.DirectMethodHandle$Holder.invokeInterface(java.lang.Object, java.lang.Object)'> (0x000000072f90fc50) thrown at [./src/hotspot/share/interpreter/linkResolver.cpp, line 773]
Event: 1.162 Thread 0x0000023107a56000 Exception <a 'java/lang/NoSuchMethodError'{0x000000072f9193c0}: 'void java.lang.invoke.DirectMethodHandle$Holder.invokeStatic(java.lang.Object, int, java.lang.Object)'> (0x000000072f9193c0) thrown at [./src/hotspot/share/interpreter/linkResolver.cpp, line 773]
Event: 1.165 Thread 0x0000023107a56000 Exception <a 'java/lang/NoSuchMethodError'{0x000000072f92afd0}: 'java.lang.Object java.lang.invoke.Invokers$Holder.linkToTargetMethod(java.lang.Object, java.lang.Object, java.lang.Object, java.lang.Object, java.lang.Object, java.lang.Object)'> (0x000000072f92afd0) thrown at [./src/hotspot/share/interpreter/linkResolver.cpp, line 773]
Event: 2.370 Thread 0x0000023107a56000 Exception <a 'java/lang/NoSuchMethodError'{0x0000000727f2a0d0}: 'java.lang.Object java.lang.invoke.DirectMethodHandle$Holder.invokeInterface(java.lang.Object, java.lang.Object, java.lang.Object)'> (0x0000000727f2a0d0) thrown at [./src/hotspot/share/interpreter/linkResolver.cpp, line 773]
Event: 2.386 Thread 0x0000023107a56000 Exception <a 'java/lang/NoSuchMethodError'{0x0000000727f45f98}: 'void java.lang.invoke.DirectMethodHandle$Holder.invokeSpecial(java.lang.Object, java.lang.Object, java.lang.Object, java.lang.Object, java.lang.Object)'> (0x0000000727f45f98) thrown at [./src/hotspot/share/interpreter/linkResolver.cpp, line 773]

Events (20 events):
Event: 2.635 loading class com/android/repository/api/UpdatablePackage done
Event: 2.635 loading class com/android/repository/api/UpdatablePackage
Event: 2.635 loading class com/android/repository/api/UpdatablePackage done
Event: 2.640 Thread 0x0000023107a56000 Thread exited: 0x0000023107a56000
Event: 2.640 Thread 0x000002312cc1c000 Thread added: 0x000002312cc1c000
Event: 2.640 Executing VM operation: RevokeBias
Event: 2.640 Executing VM operation: RevokeBias done
Event: 2.640 Thread 0x000002312cc1d000 Thread added: 0x000002312cc1d000
Event: 2.641 Executing VM operation: RevokeBias
Event: 2.641 Executing VM operation: RevokeBias done
Event: 2.641 Executing VM operation: RevokeBias
Event: 2.641 Executing VM operation: RevokeBias done
Event: 2.641 Executing VM operation: RevokeBias
Event: 2.641 Executing VM operation: RevokeBias done
Event: 2.641 Executing VM operation: RevokeBias
Event: 2.641 Executing VM operation: RevokeBias done
Event: 2.641 Executing VM operation: RevokeBias
Event: 2.641 Executing VM operation: RevokeBias done
Event: 2.641 Thread 0x000002312cc1d000 Thread exited: 0x000002312cc1d000
Event: 2.642 Thread 0x000002312cc1c000 Thread exited: 0x000002312cc1c000


Dynamic libraries:
0x00007ff7569b0000 - 0x00007ff7569bd000 	C:\Program Files\Unity\Hub\Editor\2022.3.5f1\Editor\Data\PlaybackEngines\AndroidPlayer\OpenJDK\bin\java.exe
0x00007ff8fccb0000 - 0x00007ff8fcec7000 	C:\WINDOWS\SYSTEM32\ntdll.dll
0x00007ff8fb700000 - 0x00007ff8fb7c4000 	C:\WINDOWS\System32\KERNEL32.DLL
0x00007ff8fa160000 - 0x00007ff8fa50c000 	C:\WINDOWS\System32\KERNELBASE.dll
0x00007ff8fa040000 - 0x00007ff8fa151000 	C:\WINDOWS\System32\ucrtbase.dll
0x00007ff8e8ef0000 - 0x00007ff8e8f05000 	C:\Program Files\Unity\Hub\Editor\2022.3.5f1\Editor\Data\PlaybackEngines\AndroidPlayer\OpenJDK\bin\VCRUNTIME140.dll
0x00007ff8d0cf0000 - 0x00007ff8d0d07000 	C:\Program Files\Unity\Hub\Editor\2022.3.5f1\Editor\Data\PlaybackEngines\AndroidPlayer\OpenJDK\bin\jli.dll
0x00007ff8fc1c0000 - 0x00007ff8fc36e000 	C:\WINDOWS\System32\USER32.dll
0x00007ff8e82c0000 - 0x00007ff8e8553000 	C:\WINDOWS\WinSxS\amd64_microsoft.windows.common-controls_6595b64144ccf1df_6.0.22621.3672_none_2713b9d173822955\COMCTL32.dll
0x00007ff8fa010000 - 0x00007ff8fa036000 	C:\WINDOWS\System32\win32u.dll
0x00007ff8faa70000 - 0x00007ff8fab17000 	C:\WINDOWS\System32\msvcrt.dll
0x00007ff8fb6d0000 - 0x00007ff8fb6f9000 	C:\WINDOWS\System32\GDI32.dll
0x00007ff8fa8d0000 - 0x00007ff8fa9e9000 	C:\WINDOWS\System32\gdi32full.dll
0x00007ff8fa510000 - 0x00007ff8fa5aa000 	C:\WINDOWS\System32\msvcp_win.dll
0x00007ff8fb7e0000 - 0x00007ff8fb811000 	C:\WINDOWS\System32\IMM32.DLL
0x00007ff8ba440000 - 0x00007ff8ba4db000 	C:\Program Files\Unity\Hub\Editor\2022.3.5f1\Editor\Data\PlaybackEngines\AndroidPlayer\OpenJDK\bin\msvcp140.dll
0x00007ff87c8f0000 - 0x00007ff87d471000 	C:\Program Files\Unity\Hub\Editor\2022.3.5f1\Editor\Data\PlaybackEngines\AndroidPlayer\OpenJDK\bin\server\jvm.dll
0x00007ff8fc6e0000 - 0x00007ff8fc792000 	C:\WINDOWS\System32\ADVAPI32.dll
0x00007ff8fb1d0000 - 0x00007ff8fb278000 	C:\WINDOWS\System32\sechost.dll
0x00007ff8f9fe0000 - 0x00007ff8fa008000 	C:\WINDOWS\System32\bcrypt.dll
0x00007ff8fcb50000 - 0x00007ff8fcc65000 	C:\WINDOWS\System32\RPCRT4.dll
0x00007ff8fb6c0000 - 0x00007ff8fb6c8000 	C:\WINDOWS\System32\PSAPI.DLL
0x00007ff8f1330000 - 0x00007ff8f1364000 	C:\WINDOWS\SYSTEM32\WINMM.dll
0x00007ff8f0a90000 - 0x00007ff8f0a9a000 	C:\WINDOWS\SYSTEM32\VERSION.dll
0x00007ff8cca30000 - 0x00007ff8cca39000 	C:\WINDOWS\SYSTEM32\WSOCK32.dll
0x00007ff8fb130000 - 0x00007ff8fb1a1000 	C:\WINDOWS\System32\WS2_32.dll
0x00007ff8f8fe0000 - 0x00007ff8f8ff8000 	C:\WINDOWS\SYSTEM32\kernel.appcore.dll
0x00007ff8ecaf0000 - 0x00007ff8ecb00000 	C:\Program Files\Unity\Hub\Editor\2022.3.5f1\Editor\Data\PlaybackEngines\AndroidPlayer\OpenJDK\bin\verify.dll
0x00007ff8f77b0000 - 0x00007ff8f79e2000 	C:\WINDOWS\SYSTEM32\DBGHELP.DLL
0x00007ff8fc7a0000 - 0x00007ff8fcb28000 	C:\WINDOWS\System32\combase.dll
0x00007ff8fb880000 - 0x00007ff8fb957000 	C:\WINDOWS\System32\OLEAUT32.dll
0x00007ff8dfa10000 - 0x00007ff8dfa42000 	C:\WINDOWS\SYSTEM32\dbgcore.DLL
0x00007ff8fa620000 - 0x00007ff8fa69b000 	C:\WINDOWS\System32\bcryptPrimitives.dll
0x00007ff8bf6e0000 - 0x00007ff8bf708000 	C:\Program Files\Unity\Hub\Editor\2022.3.5f1\Editor\Data\PlaybackEngines\AndroidPlayer\OpenJDK\bin\java.dll
0x00007ff8e8ee0000 - 0x00007ff8e8eea000 	C:\Program Files\Unity\Hub\Editor\2022.3.5f1\Editor\Data\PlaybackEngines\AndroidPlayer\OpenJDK\bin\jimage.dll
0x00007ff8cf860000 - 0x00007ff8cf878000 	C:\Program Files\Unity\Hub\Editor\2022.3.5f1\Editor\Data\PlaybackEngines\AndroidPlayer\OpenJDK\bin\zip.dll
0x00007ff8fb960000 - 0x00007ff8fc1bc000 	C:\WINDOWS\System32\SHELL32.dll
0x00007ff8f7ee0000 - 0x00007ff8f87d7000 	C:\WINDOWS\SYSTEM32\windows.storage.dll
0x00007ff8f7c40000 - 0x00007ff8f7d7f000 	C:\WINDOWS\SYSTEM32\wintypes.dll
0x00007ff8fc580000 - 0x00007ff8fc674000 	C:\WINDOWS\System32\SHCORE.dll
0x00007ff8fc680000 - 0x00007ff8fc6de000 	C:\WINDOWS\System32\shlwapi.dll
0x00007ff8f9f10000 - 0x00007ff8f9f31000 	C:\WINDOWS\SYSTEM32\profapi.dll
0x00007ff8ce850000 - 0x00007ff8ce869000 	C:\Program Files\Unity\Hub\Editor\2022.3.5f1\Editor\Data\PlaybackEngines\AndroidPlayer\OpenJDK\bin\net.dll
0x00007ff8f2470000 - 0x00007ff8f25a6000 	C:\WINDOWS\SYSTEM32\WINHTTP.dll
0x00007ff8f9480000 - 0x00007ff8f94e9000 	C:\WINDOWS\system32\mswsock.dll
0x00007ff8ccb70000 - 0x00007ff8ccb83000 	C:\Program Files\Unity\Hub\Editor\2022.3.5f1\Editor\Data\PlaybackEngines\AndroidPlayer\OpenJDK\bin\nio.dll

dbghelp: loaded successfully - version: 4.0.5 - missing functions: none
symbol engine: initialized successfully - sym options: 0x614 - pdb path: .;C:\Program Files\Unity\Hub\Editor\2022.3.5f1\Editor\Data\PlaybackEngines\AndroidPlayer\OpenJDK\bin;C:\WINDOWS\SYSTEM32;C:\WINDOWS\WinSxS\amd64_microsoft.windows.common-controls_6595b64144ccf1df_6.0.22621.3672_none_2713b9d173822955;C:\Program Files\Unity\Hub\Editor\2022.3.5f1\Editor\Data\PlaybackEngines\AndroidPlayer\OpenJDK\bin\server

VM Arguments:
jvm_args: -Dfile.encoding=UTF-8 -Dcom.android.sdklib.toolsdir=C:\Program Files\Unity\Hub\Editor\2022.3.5f1\Editor\Data\PlaybackEngines\AndroidPlayer\SDK\cmdline-tools\6.0\bin\\.. 
java_command: com.android.sdklib.tool.sdkmanager.SdkManagerCli --list
java_class_path (initial): C:\Program Files\Unity\Hub\Editor\2022.3.5f1\Editor\Data\PlaybackEngines\AndroidPlayer\SDK\cmdline-tools\6.0\bin\..\lib\sdkmanager-classpath.jar
Launcher Type: SUN_STANDARD

[Global flags]
     intx CICompilerCount                          = 12                                        {product} {ergonomic}
     uint ConcGCThreads                            = 3                                         {product} {ergonomic}
     uint G1ConcRefinementThreads                  = 13                                        {product} {ergonomic}
   size_t G1HeapRegionSize                         = 1048576                                   {product} {ergonomic}
    uintx GCDrainStackTargetSize                   = 64                                        {product} {ergonomic}
   size_t InitialHeapSize                          = 232783872                                 {product} {ergonomic}
   size_t MarkStackSize                            = 4194304                                   {product} {ergonomic}
   size_t MaxHeapSize                              = 3718250496                                {product} {ergonomic}
   size_t MaxNewSize                               = 2230321152                                {product} {ergonomic}
   size_t MinHeapDeltaBytes                        = 1048576                                   {product} {ergonomic}
    uintx NonNMethodCodeHeapSize                   = 7594288                                {pd product} {ergonomic}
    uintx NonProfiledCodeHeapSize                  = 122031976                              {pd product} {ergonomic}
    uintx ProfiledCodeHeapSize                     = 122031976                              {pd product} {ergonomic}
    uintx ReservedCodeCacheSize                    = 251658240                              {pd product} {ergonomic}
     bool SegmentedCodeCache                       = true                                      {product} {ergonomic}
     bool UseCompressedClassPointers               = true                                 {lp64_product} {ergonomic}
     bool UseCompressedOops                        = true                                 {lp64_product} {ergonomic}
     bool UseG1GC                                  = true                                      {product} {ergonomic}
     bool UseLargePagesIndividualAllocation        = false                                  {pd product} {ergonomic}

Logging:
Log output configuration:
 #0: stdout all=warning uptime,level,tags
 #1: stderr all=off uptime,level,tags

Environment Variables:
JAVA_HOME=C:\Program Files\Unity\Hub\Editor\2022.3.5f1\Editor\Data\PlaybackEngines\AndroidPlayer\OpenJDK
JAVA_TOOL_OPTIONS=-Dfile.encoding=UTF-8
CLASSPATH=C:\Program Files\Unity\Hub\Editor\2022.3.5f1\Editor\Data\PlaybackEngines\AndroidPlayer\SDK\cmdline-tools\6.0\bin\..\lib\sdkmanager-classpath.jar
PATH=C:\VulkanSDK\1.3.280.0\Bin;C:\Program Files\Common Files\Oracle\Java\javapath;C:\Program Files (x86)\Common Files\Oracle\Java\java8path;C:\Program Files (x86)\Common Files\Oracle\Java\javapath;C:\Windows\system32;C:\Windows;C:\Windows\System32\Wbem;C:\Windows\System32\WindowsPowerShell\v1.0\;C:\Windows\System32\OpenSSH\;C:\MinGW32\mingw64\bin;C:\vcpkg;C:\Program Files\Microsoft Visual Studio\2022\Community\VC\Auxiliary\Build;C:\pkg-config\pkg-config-lite-0.28-1\bin;C:\WINDOWS\system32;C:\WINDOWS;C:\WINDOWS\System32\Wbem;C:\WINDOWS\System32\WindowsPowerShell\v1.0\;C:\WINDOWS\System32\OpenSSH\;C:\Program Files\Git\cmd;C:\Program Files\PuTTY\;C:\Program Files\Wolfram Research\WolframScript\;C:\Program Files\Docker\Docker\resources\bin;C:\Users\dawid\AppData\Roaming\Python\Python312\Scripts;C:\Program Files\dotnet\;C:\Program Files\CMake\bin;C:\Program Files\MySQL\MySQL Shell 8.0\bin\;C:\Program Files\Python312\Scripts\;C:\Program Files\Python312\;C:\Users\dawid\AppData\Local\Microsoft\WindowsApps;;C:\Users\dawid\AppData\Local\Programs\Microsoft VS Code\bin;C:\Users\dawid\.dotnet\tools
USERNAME=dawid
OS=Windows_NT
PROCESSOR_IDENTIFIER=AMD64 Family 23 Model 104 Stepping 1, AuthenticAMD



---------------  S Y S T E M  ---------------

OS: Windows 11 , 64 bit Build 22621 (10.0.22621.3672)
OS uptime: 3 days 23:01 hours
Hyper-V role detected

CPU:total 16 (initial active 16) (16 cores per cpu, 2 threads per core) family 23 model 104 stepping 1 microcode 0x0, cmov, cx8, fxsr, mmx, sse, sse2, sse3, ssse3, sse4.1, sse4.2, popcnt, avx, avx2, aes, clmul, mmxext, 3dnowpref, lzcnt, sse4a, ht, tsc, tscinvbit, tscinv, bmi1, bmi2, adx, sha, fma

Memory: 4k page, system-wide physical 14181M (1578M free)
TotalPageFile size 18277M (AvailPageFile size 4M)
current process WorkingSet (physical memory assigned to process): 265M, peak: 267M
current process commit charge ("private bytes"): 401M, peak: 403M

vm_info: OpenJDK 64-Bit Server VM (11.0.14.1+1) for windows-amd64 JRE (11.0.14.1+1), built on Feb  9 2022 01:48:27 by "" with unknown MS VC++:1916

END.
